# JRE version: OpenJDK Runtime Environment (8.0_76-b03) (build 1.8.0_76-release-b03)
# Java VM: OpenJDK 64-Bit Server VM (25.76-b03 mixed mode linux-amd64 compressed oops)
Heap:
 PSYoungGen      total 423424K, used 396736K [0x00000000e0000000, 0x00000000fc500000, 0x0000000100000000)
  eden space 396288K, 100% used [0x00000000e0000000,0x00000000f8300000,0x00000000f8300000)
  from space 27136K, 1% used [0x00000000f9e00000,0x00000000f9e70000,0x00000000fb880000)
  to   space 27648K, 38% used [0x00000000f8300000,0x00000000f8d7b260,0x00000000f9e00000)
 ParOldGen       total 138240K, used 65374K [0x00000000a0000000, 0x00000000a8700000, 0x00000000e0000000)
  object space 138240K, 47% used [0x00000000a0000000,0x00000000a3fd7b10,0x00000000a8700000)
 Metaspace       used 68311K, capacity 70702K, committed 70784K, reserved 1110016K
  class space    used 8823K, capacity 9324K, committed 9344K, reserved 1048576K
GC Heap History (10 events):
Event: 87,357 GC heap after
Heap after GC invocations=14 (full 3):
 PSYoungGen      total 253952K, used 15769K [0x00000000e0000000, 0x00000000f5d80000, 0x0000000100000000)
  eden space 225792K, 0% used [0x00000000e0000000,0x00000000e0000000,0x00000000edc80000)
  from space 28160K, 55% used [0x00000000edc80000,0x00000000eebe6488,0x00000000ef800000)
  to   space 27648K, 0% used [0x00000000f4280000,0x00000000f4280000,0x00000000f5d80000)
 ParOldGen       total 69120K, used 45532K [0x00000000a0000000, 0x00000000a4380000, 0x00000000e0000000)
  object space 69120K, 65% used [0x00000000a0000000,0x00000000a2c772a8,0x00000000a4380000)
 Metaspace       used 59045K, capacity 61308K, committed 61440K, reserved 1101824K
  class space    used 7878K, capacity 8389K, committed 8448K, reserved 1048576K
}
Event: 90,522 GC heap before
{Heap before GC invocations=15 (full 3):
 PSYoungGen      total 253952K, used 241561K [0x00000000e0000000, 0x00000000f5d80000, 0x0000000100000000)
  eden space 225792K, 100% used [0x00000000e0000000,0x00000000edc80000,0x00000000edc80000)
  from space 28160K, 55% used [0x00000000edc80000,0x00000000eebe6488,0x00000000ef800000)
  to   space 27648K, 0% used [0x00000000f4280000,0x00000000f4280000,0x00000000f5d80000)
 ParOldGen       total 69120K, used 45532K [0x00000000a0000000, 0x00000000a4380000, 0x00000000e0000000)
  object space 69120K, 65% used [0x00000000a0000000,0x00000000a2c772a8,0x00000000a4380000)
 Metaspace       used 67427K, capacity 69876K, committed 70016K, reserved 1110016K
  class space    used 8819K, capacity 9325K, committed 9344K, reserved 1048576K
Event: 90,639 GC heap after
Heap after GC invocations=15 (full 3):
 PSYoungGen      total 328192K, used 18016K [0x00000000e0000000, 0x00000000f5d00000, 0x0000000100000000)
  eden space 301056K, 0% used [0x00000000e0000000,0x00000000e0000000,0x00000000f2600000)
  from space 27136K, 66% used [0x00000000f4280000,0x00000000f5418320,0x00000000f5d00000)
  to   space 28160K, 0% used [0x00000000f2600000,0x00000000f2600000,0x00000000f4180000)
 ParOldGen       total 69120K, used 48240K [0x00000000a0000000, 0x00000000a4380000, 0x00000000e0000000)
  object space 69120K, 69% used [0x00000000a0000000,0x00000000a2f1c318,0x00000000a4380000)
 Metaspace       used 67427K, capacity 69876K, committed 70016K, reserved 1110016K
  class space    used 8819K, capacity 9325K, committed 9344K, reserved 1048576K
}
Event: 93,008 GC heap before
{Heap before GC invocations=16 (full 3):
 PSYoungGen      total 328192K, used 319072K [0x00000000e0000000, 0x00000000f5d00000, 0x0000000100000000)
  eden space 301056K, 100% used [0x00000000e0000000,0x00000000f2600000,0x00000000f2600000)
  from space 27136K, 66% used [0x00000000f4280000,0x00000000f5418320,0x00000000f5d00000)
  to   space 28160K, 0% used [0x00000000f2600000,0x00000000f2600000,0x00000000f4180000)
 ParOldGen       total 69120K, used 49554K [0x00000000a0000000, 0x00000000a4380000, 0x00000000e0000000)
  object space 69120K, 71% used [0x00000000a0000000,0x00000000a3064830,0x00000000a4380000)
 Metaspace       used 68065K, capacity 70452K, committed 70528K, reserved 1110016K
  class space    used 8823K, capacity 9325K, committed 9344K, reserved 1048576K
Event: 93,075 GC heap after
Heap after GC invocations=16 (full 3):
 PSYoungGen      total 329216K, used 11304K [0x00000000e0000000, 0x00000000fb880000, 0x0000000100000000)
  eden space 301056K, 0% used [0x00000000e0000000,0x00000000e0000000,0x00000000f2600000)
  from space 28160K, 40% used [0x00000000f2600000,0x00000000f310a260,0x00000000f4180000)
  to   space 27136K, 0% used [0x00000000f9e00000,0x00000000f9e00000,0x00000000fb880000)
 ParOldGen       total 69120K, used 60272K [0x00000000a0000000, 0x00000000a4380000, 0x00000000e0000000)
  object space 69120K, 87% used [0x00000000a0000000,0x00000000a3adc340,0x00000000a4380000)
 Metaspace       used 68065K, capacity 70452K, committed 70528K, reserved 1110016K
  class space    used 8823K, capacity 9325K, committed 9344K, reserved 1048576K
}
Event: 93,075 GC heap before
{Heap before GC invocations=17 (full 4):
 PSYoungGen      total 329216K, used 11304K [0x00000000e0000000, 0x00000000fb880000, 0x0000000100000000)
  eden space 301056K, 0% used [0x00000000e0000000,0x00000000e0000000,0x00000000f2600000)
  from space 28160K, 40% used [0x00000000f2600000,0x00000000f310a260,0x00000000f4180000)
  to   space 27136K, 0% used [0x00000000f9e00000,0x00000000f9e00000,0x00000000fb880000)
 ParOldGen       total 69120K, used 60272K [0x00000000a0000000, 0x00000000a4380000, 0x00000000e0000000)
  object space 69120K, 87% used [0x00000000a0000000,0x00000000a3adc340,0x00000000a4380000)
 Metaspace       used 68065K, capacity 70452K, committed 70528K, reserved 1110016K
  class space    used 8823K, capacity 9325K, committed 9344K, reserved 1048576K
Event: 93,410 GC heap after
Heap after GC invocations=17 (full 4):
 PSYoungGen      total 329216K, used 0K [0x00000000e0000000, 0x00000000fb880000, 0x0000000100000000)
  eden space 301056K, 0% used [0x00000000e0000000,0x00000000e0000000,0x00000000f2600000)
  from space 28160K, 0% used [0x00000000f2600000,0x00000000f2600000,0x00000000f4180000)
  to   space 27136K, 0% used [0x00000000f9e00000,0x00000000f9e00000,0x00000000fb880000)
 ParOldGen       total 138240K, used 65326K [0x00000000a0000000, 0x00000000a8700000, 0x00000000e0000000)
  object space 138240K, 47% used [0x00000000a0000000,0x00000000a3fcbb10,0x00000000a8700000)
 Metaspace       used 68063K, capacity 70446K, committed 70528K, reserved 1110016K
  class space    used 8822K, capacity 9324K, committed 9344K, reserved 1048576K
}
Event: 93,436 GC heap before
{Heap before GC invocations=18 (full 4):
 PSYoungGen      total 329216K, used 3841K [0x00000000e0000000, 0x00000000fb880000, 0x0000000100000000)
  eden space 301056K, 1% used [0x00000000e0000000,0x00000000e03c0430,0x00000000f2600000)
  from space 28160K, 0% used [0x00000000f2600000,0x00000000f2600000,0x00000000f4180000)
  to   space 27136K, 0% used [0x00000000f9e00000,0x00000000f9e00000,0x00000000fb880000)
 ParOldGen       total 138240K, used 65326K [0x00000000a0000000, 0x00000000a8700000, 0x00000000e0000000)
  object space 138240K, 47% used [0x00000000a0000000,0x00000000a3fcbb10,0x00000000a8700000)
 Metaspace       used 68087K, capacity 70510K, committed 70784K, reserved 1110016K
  class space    used 8822K, capacity 9324K, committed 9344K, reserved 1048576K
Event: 93,446 GC heap after
Heap after GC invocations=18 (full 4):
 PSYoungGen      total 423424K, used 448K [0x00000000e0000000, 0x00000000fc500000, 0x0000000100000000)
  eden space 396288K, 0% used [0x00000000e0000000,0x00000000e0000000,0x00000000f8300000)
  from space 27136K, 1% used [0x00000000f9e00000,0x00000000f9e70000,0x00000000fb880000)
  to   space 27648K, 0% used [0x00000000f8300000,0x00000000f8300000,0x00000000f9e00000)
 ParOldGen       total 138240K, used 65334K [0x00000000a0000000, 0x00000000a8700000, 0x00000000e0000000)
  object space 138240K, 47% used [0x00000000a0000000,0x00000000a3fcdb10,0x00000000a8700000)
 Metaspace       used 68087K, capacity 70510K, committed 70784K, reserved 1110016K
  class space    used 8822K, capacity 9324K, committed 9344K, reserved 1048576K
}
Event: 94,919 GC heap before
{Heap before GC invocations=19 (full 4):
 PSYoungGen      total 423424K, used 396736K [0x00000000e0000000, 0x00000000fc500000, 0x0000000100000000)
  eden space 396288K, 100% used [0x00000000e0000000,0x00000000f8300000,0x00000000f8300000)
  from space 27136K, 1% used [0x00000000f9e00000,0x00000000f9e70000,0x00000000fb880000)
  to   space 27648K, 0% used [0x00000000f8300000,0x00000000f8300000,0x00000000f9e00000)
 ParOldGen       total 138240K, used 65334K [0x00000000a0000000, 0x00000000a8700000, 0x00000000e0000000)
  object space 138240K, 47% used [0x00000000a0000000,0x00000000a3fcdb10,0x00000000a8700000)
 Metaspace       used 68311K, capacity 70702K, committed 70784K, reserved 1110016K
  class space    used 8823K, capacity 9324K, committed 9344K, reserved 1048576K

